[0.433s] Invoking command in '/home/student/ros2_ws/build/my_robot_controller': PYTHONPATH=/home/student/ros2_ws/build/my_robot_controller/prefix_override:/usr/lib/python3/dist-packages/colcon_core/task/python/colcon_distutils_commands:/home/student/ros2_ws/install/my_robot_controller/lib/python3.10/site-packages:${PYTHONPATH} /usr/bin/python3 -W ignore:setup.py install is deprecated -W ignore:easy_install command is deprecated setup.py develop --uninstall --editable --build-directory /home/student/ros2_ws/build/my_robot_controller/build
[0.582s] running develop
[0.659s] Removing /home/student/ros2_ws/install/my_robot_controller/lib/python3.10/site-packages/my-robot-controller.egg-link (link to .)
[0.677s] Invoked command in '/home/student/ros2_ws/build/my_robot_controller' returned '0': PYTHONPATH=/home/student/ros2_ws/build/my_robot_controller/prefix_override:/usr/lib/python3/dist-packages/colcon_core/task/python/colcon_distutils_commands:/home/student/ros2_ws/install/my_robot_controller/lib/python3.10/site-packages:${PYTHONPATH} /usr/bin/python3 -W ignore:setup.py install is deprecated -W ignore:easy_install command is deprecated setup.py develop --uninstall --editable --build-directory /home/student/ros2_ws/build/my_robot_controller/build
[0.677s] Invoking command in '/home/student/ros2_ws/src/my_robot_controller': PYTHONPATH=/home/student/ros2_ws/build/my_robot_controller/prefix_override:/usr/lib/python3/dist-packages/colcon_core/task/python/colcon_distutils_commands:/home/student/ros2_ws/install/my_robot_controller/lib/python3.10/site-packages:${PYTHONPATH} /usr/bin/python3 -W ignore:setup.py install is deprecated -W ignore:easy_install command is deprecated setup.py egg_info --egg-base ../../build/my_robot_controller build --build-base /home/student/ros2_ws/build/my_robot_controller/build install --record /home/student/ros2_ws/build/my_robot_controller/install.log --single-version-externally-managed install_data --force
[0.816s] running egg_info
[0.817s] writing ../../build/my_robot_controller/my_robot_controller.egg-info/PKG-INFO
[0.817s] writing dependency_links to ../../build/my_robot_controller/my_robot_controller.egg-info/dependency_links.txt
[0.817s] writing entry points to ../../build/my_robot_controller/my_robot_controller.egg-info/entry_points.txt
[0.817s] writing requirements to ../../build/my_robot_controller/my_robot_controller.egg-info/requires.txt
[0.817s] writing top-level names to ../../build/my_robot_controller/my_robot_controller.egg-info/top_level.txt
[0.818s] reading manifest file '../../build/my_robot_controller/my_robot_controller.egg-info/SOURCES.txt'
[0.819s] writing manifest file '../../build/my_robot_controller/my_robot_controller.egg-info/SOURCES.txt'
[0.819s] running build
[0.819s] running build_py
[0.819s] copying my_robot_controller/turtle_controller.py -> /home/student/ros2_ws/build/my_robot_controller/build/lib/my_robot_controller
[0.819s] copying my_robot_controller/pose_sub.py -> /home/student/ros2_ws/build/my_robot_controller/build/lib/my_robot_controller
[0.819s] copying my_robot_controller/my_first_node.py -> /home/student/ros2_ws/build/my_robot_controller/build/lib/my_robot_controller
[0.819s] copying my_robot_controller/draw_circle.py -> /home/student/ros2_ws/build/my_robot_controller/build/lib/my_robot_controller
[0.819s] running install
[0.819s] running install_lib
[0.820s] creating /home/student/ros2_ws/install/my_robot_controller/lib/python3.10/site-packages/my_robot_controller
[0.820s] copying /home/student/ros2_ws/build/my_robot_controller/build/lib/my_robot_controller/turtle_controller.py -> /home/student/ros2_ws/install/my_robot_controller/lib/python3.10/site-packages/my_robot_controller
[0.820s] copying /home/student/ros2_ws/build/my_robot_controller/build/lib/my_robot_controller/pose_sub.py -> /home/student/ros2_ws/install/my_robot_controller/lib/python3.10/site-packages/my_robot_controller
[0.820s] copying /home/student/ros2_ws/build/my_robot_controller/build/lib/my_robot_controller/__init__.py -> /home/student/ros2_ws/install/my_robot_controller/lib/python3.10/site-packages/my_robot_controller
[0.820s] copying /home/student/ros2_ws/build/my_robot_controller/build/lib/my_robot_controller/my_first_node.py -> /home/student/ros2_ws/install/my_robot_controller/lib/python3.10/site-packages/my_robot_controller
[0.820s] copying /home/student/ros2_ws/build/my_robot_controller/build/lib/my_robot_controller/draw_circle.py -> /home/student/ros2_ws/install/my_robot_controller/lib/python3.10/site-packages/my_robot_controller
[0.820s] byte-compiling /home/student/ros2_ws/install/my_robot_controller/lib/python3.10/site-packages/my_robot_controller/turtle_controller.py to turtle_controller.cpython-310.pyc
[0.820s] byte-compiling /home/student/ros2_ws/install/my_robot_controller/lib/python3.10/site-packages/my_robot_controller/pose_sub.py to pose_sub.cpython-310.pyc
[0.821s] byte-compiling /home/student/ros2_ws/install/my_robot_controller/lib/python3.10/site-packages/my_robot_controller/__init__.py to __init__.cpython-310.pyc
[0.821s] byte-compiling /home/student/ros2_ws/install/my_robot_controller/lib/python3.10/site-packages/my_robot_controller/my_first_node.py to my_first_node.cpython-310.pyc
[0.821s] byte-compiling /home/student/ros2_ws/install/my_robot_controller/lib/python3.10/site-packages/my_robot_controller/draw_circle.py to draw_circle.cpython-310.pyc
[0.821s] running install_data
[0.821s] copying resource/my_robot_controller -> /home/student/ros2_ws/install/my_robot_controller/share/ament_index/resource_index/packages
[0.821s] copying package.xml -> /home/student/ros2_ws/install/my_robot_controller/share/my_robot_controller
[0.821s] copying launch/mylaunch.launch.py -> /home/student/ros2_ws/install/my_robot_controller/share/my_robot_controller/launch
[0.821s] copying launch/mapping.launch.py -> /home/student/ros2_ws/install/my_robot_controller/share/my_robot_controller/launch
[0.821s] running install_egg_info
[0.823s] Copying ../../build/my_robot_controller/my_robot_controller.egg-info to /home/student/ros2_ws/install/my_robot_controller/lib/python3.10/site-packages/my_robot_controller-0.0.0-py3.10.egg-info
[0.823s] running install_scripts
[0.836s] Installing draw_circle script to /home/student/ros2_ws/install/my_robot_controller/lib/my_robot_controller
[0.836s] Installing mapping script to /home/student/ros2_ws/install/my_robot_controller/lib/my_robot_controller
[0.836s] Installing pose_sub script to /home/student/ros2_ws/install/my_robot_controller/lib/my_robot_controller
[0.836s] Installing test_node script to /home/student/ros2_ws/install/my_robot_controller/lib/my_robot_controller
[0.836s] Installing turtle_control script to /home/student/ros2_ws/install/my_robot_controller/lib/my_robot_controller
[0.836s] writing list of installed files to '/home/student/ros2_ws/build/my_robot_controller/install.log'
[0.852s] Invoked command in '/home/student/ros2_ws/src/my_robot_controller' returned '0': PYTHONPATH=/home/student/ros2_ws/build/my_robot_controller/prefix_override:/usr/lib/python3/dist-packages/colcon_core/task/python/colcon_distutils_commands:/home/student/ros2_ws/install/my_robot_controller/lib/python3.10/site-packages:${PYTHONPATH} /usr/bin/python3 -W ignore:setup.py install is deprecated -W ignore:easy_install command is deprecated setup.py egg_info --egg-base ../../build/my_robot_controller build --build-base /home/student/ros2_ws/build/my_robot_controller/build install --record /home/student/ros2_ws/build/my_robot_controller/install.log --single-version-externally-managed install_data --force
