[0.364s] Invoking command in '/home/student/ros2_ws/src/my_robot_controller': PYTHONPATH=/home/student/ros2_ws/build/my_robot_controller/prefix_override:/usr/lib/python3/dist-packages/colcon_core/task/python/colcon_distutils_commands:/home/student/ros2_ws/install/my_robot_controller/lib/python3.10/site-packages:${PYTHONPATH} /usr/bin/python3 -W ignore:setup.py install is deprecated -W ignore:easy_install command is deprecated setup.py egg_info --egg-base ../../build/my_robot_controller build --build-base /home/student/ros2_ws/build/my_robot_controller/build install --record /home/student/ros2_ws/build/my_robot_controller/install.log --single-version-externally-managed install_data
[0.500s] running egg_info
[0.500s] creating ../../build/my_robot_controller/my_robot_controller.egg-info
[0.500s] writing ../../build/my_robot_controller/my_robot_controller.egg-info/PKG-INFO
[0.500s] writing dependency_links to ../../build/my_robot_controller/my_robot_controller.egg-info/dependency_links.txt
[0.501s] writing entry points to ../../build/my_robot_controller/my_robot_controller.egg-info/entry_points.txt
[0.501s] writing requirements to ../../build/my_robot_controller/my_robot_controller.egg-info/requires.txt
[0.501s] writing top-level names to ../../build/my_robot_controller/my_robot_controller.egg-info/top_level.txt
[0.501s] writing manifest file '../../build/my_robot_controller/my_robot_controller.egg-info/SOURCES.txt'
[0.501s] reading manifest file '../../build/my_robot_controller/my_robot_controller.egg-info/SOURCES.txt'
[0.502s] writing manifest file '../../build/my_robot_controller/my_robot_controller.egg-info/SOURCES.txt'
[0.502s] running build
[0.502s] running build_py
[0.502s] creating /home/student/ros2_ws/build/my_robot_controller/build
[0.502s] creating /home/student/ros2_ws/build/my_robot_controller/build/lib
[0.502s] creating /home/student/ros2_ws/build/my_robot_controller/build/lib/my_robot_controller
[0.502s] copying my_robot_controller/__init__.py -> /home/student/ros2_ws/build/my_robot_controller/build/lib/my_robot_controller
[0.502s] copying my_robot_controller/my_first_node.py -> /home/student/ros2_ws/build/my_robot_controller/build/lib/my_robot_controller
[0.502s] running install
[0.502s] running install_lib
[0.503s] creating /home/student/ros2_ws/install/my_robot_controller/lib/python3.10/site-packages/my_robot_controller
[0.503s] copying /home/student/ros2_ws/build/my_robot_controller/build/lib/my_robot_controller/__init__.py -> /home/student/ros2_ws/install/my_robot_controller/lib/python3.10/site-packages/my_robot_controller
[0.503s] copying /home/student/ros2_ws/build/my_robot_controller/build/lib/my_robot_controller/my_first_node.py -> /home/student/ros2_ws/install/my_robot_controller/lib/python3.10/site-packages/my_robot_controller
[0.503s] byte-compiling /home/student/ros2_ws/install/my_robot_controller/lib/python3.10/site-packages/my_robot_controller/__init__.py to __init__.cpython-310.pyc
[0.503s] byte-compiling /home/student/ros2_ws/install/my_robot_controller/lib/python3.10/site-packages/my_robot_controller/my_first_node.py to my_first_node.cpython-310.pyc
[0.503s] running install_data
[0.503s] creating /home/student/ros2_ws/install/my_robot_controller/share/ament_index
[0.503s] creating /home/student/ros2_ws/install/my_robot_controller/share/ament_index/resource_index
[0.503s] creating /home/student/ros2_ws/install/my_robot_controller/share/ament_index/resource_index/packages
[0.503s] copying resource/my_robot_controller -> /home/student/ros2_ws/install/my_robot_controller/share/ament_index/resource_index/packages
[0.503s] copying package.xml -> /home/student/ros2_ws/install/my_robot_controller/share/my_robot_controller
[0.503s] running install_egg_info
[0.504s] Copying ../../build/my_robot_controller/my_robot_controller.egg-info to /home/student/ros2_ws/install/my_robot_controller/lib/python3.10/site-packages/my_robot_controller-0.0.0-py3.10.egg-info
[0.505s] running install_scripts
[0.517s] Installing test_mode script to /home/student/ros2_ws/install/my_robot_controller/lib/my_robot_controller
[0.517s] writing list of installed files to '/home/student/ros2_ws/build/my_robot_controller/install.log'
[0.532s] Invoked command in '/home/student/ros2_ws/src/my_robot_controller' returned '0': PYTHONPATH=/home/student/ros2_ws/build/my_robot_controller/prefix_override:/usr/lib/python3/dist-packages/colcon_core/task/python/colcon_distutils_commands:/home/student/ros2_ws/install/my_robot_controller/lib/python3.10/site-packages:${PYTHONPATH} /usr/bin/python3 -W ignore:setup.py install is deprecated -W ignore:easy_install command is deprecated setup.py egg_info --egg-base ../../build/my_robot_controller build --build-base /home/student/ros2_ws/build/my_robot_controller/build install --record /home/student/ros2_ws/build/my_robot_controller/install.log --single-version-externally-managed install_data
