[0.366s] Invoking command in '/home/student/ros2_ws/build/my_robot_controller': PYTHONPATH=/home/student/ros2_ws/build/my_robot_controller/prefix_override:/usr/lib/python3/dist-packages/colcon_core/task/python/colcon_distutils_commands:/home/student/ros2_ws/install/my_robot_controller/lib/python3.10/site-packages:${PYTHONPATH} /usr/bin/python3 -W ignore:setup.py install is deprecated -W ignore:easy_install command is deprecated setup.py develop --editable --build-directory /home/student/ros2_ws/build/my_robot_controller/build --no-deps symlink_data
[0.518s] running develop
[0.594s] running egg_info
[0.594s] writing my_robot_controller.egg-info/PKG-INFO
[0.594s] writing dependency_links to my_robot_controller.egg-info/dependency_links.txt
[0.594s] writing entry points to my_robot_controller.egg-info/entry_points.txt
[0.594s] writing requirements to my_robot_controller.egg-info/requires.txt
[0.594s] writing top-level names to my_robot_controller.egg-info/top_level.txt
[0.595s] reading manifest file 'my_robot_controller.egg-info/SOURCES.txt'
[0.596s] writing manifest file 'my_robot_controller.egg-info/SOURCES.txt'
[0.596s] running build_ext
[0.596s] Creating /home/student/ros2_ws/install/my_robot_controller/lib/python3.10/site-packages/my-robot-controller.egg-link (link to .)
[0.597s] Installing draw_circle script to /home/student/ros2_ws/install/my_robot_controller/lib/my_robot_controller
[0.597s] Installing pose_sub script to /home/student/ros2_ws/install/my_robot_controller/lib/my_robot_controller
[0.597s] Installing test_node script to /home/student/ros2_ws/install/my_robot_controller/lib/my_robot_controller
[0.597s] Installing turtle_control script to /home/student/ros2_ws/install/my_robot_controller/lib/my_robot_controller
[0.597s] 
[0.597s] Installed /home/student/ros2_ws/build/my_robot_controller
[0.597s] running symlink_data
[0.597s] creating /home/student/ros2_ws/install/my_robot_controller/share/my_robot_controller/launch
[0.597s] symbolically linking /home/student/ros2_ws/build/my_robot_controller/launch/mylaunch.launch.py -> /home/student/ros2_ws/install/my_robot_controller/share/my_robot_controller/launch
[0.615s] Invoked command in '/home/student/ros2_ws/build/my_robot_controller' returned '0': PYTHONPATH=/home/student/ros2_ws/build/my_robot_controller/prefix_override:/usr/lib/python3/dist-packages/colcon_core/task/python/colcon_distutils_commands:/home/student/ros2_ws/install/my_robot_controller/lib/python3.10/site-packages:${PYTHONPATH} /usr/bin/python3 -W ignore:setup.py install is deprecated -W ignore:easy_install command is deprecated setup.py develop --editable --build-directory /home/student/ros2_ws/build/my_robot_controller/build --no-deps symlink_data
